Auth microservice starting...
Database URL: postgres://root:root@localhost:5428/kossti?sslmode=disable
JWT Secret: msservice_jwt_key
Kafka Broker: localhost:9092
Attempting to connect to the database and migrate schema...
Database connection successful!
Running database migrations...
2025/11/06 18:02:45 Starting database migration...
2025/11/06 18:02:45 Migrating model 1/37: *models.UserModel
2025/11/06 18:02:45 Migrating model 2/37: *models.PasswordResetTokenModel
2025/11/06 18:02:45 Migrating model 3/37: *models.SessionModel
2025/11/06 18:02:45 Migrating model 4/37: *models.CacheModel
2025/11/06 18:02:45 Migrating model 5/37: *models.CacheLockModel
2025/11/06 18:02:45 Migrating model 6/37: *models.JobModel
2025/11/06 18:02:45 Migrating model 7/37: *models.JobBatchModel
2025/11/06 18:02:45 Migrating model 8/37: *models.FailedJobModel
2025/11/06 18:02:45 Migrating model 9/37: *models.PersonalAccessTokenModel
2025/11/06 18:02:45 Migrating model 10/37: *models.HistoryLogModel
2025/11/06 18:02:45 Migrating model 11/37: *models.PermissionModel
2025/11/06 18:02:45 Migrating model 12/37: *models.RoleModel
2025/11/06 18:02:45 Migrating model 13/37: *models.ModelHasPermissionModel
2025/11/06 18:02:45 Migrating model 14/37: *models.ModelHasRoleModel
2025/11/06 18:02:45 Migrating model 15/37: *models.RoleHasPermissionModel
2025/11/06 18:02:45 Migrating model 16/37: *models.ProductModel
2025/11/06 18:02:45 Migrating model 17/37: *models.ProductReviewModel
2025/11/06 18:02:45 Migrating model 18/37: *models.CategoryModel
2025/11/06 18:02:45 Migrating model 19/37: *models.BrandModel
2025/11/06 18:02:45 Migrating model 20/37: *models.BrandCategoryModel
2025/11/06 18:02:45 Migrating model 21/37: *models.ProductableModel
2025/11/06 18:02:45 Migrating model 22/37: *models.ProductTranslationModel
2025/11/06 18:02:45 Migrating model 23/37: *models.CategoryTranslationModel
2025/11/06 18:02:45 Migrating model 24/37: *models.BrandTranslationModel
2025/11/06 18:02:45 Migrating model 25/37: *models.ProductReviewTranslationModel
2025/11/06 18:02:45 Migrating model 26/37: *models.CommentModel
2025/11/06 18:02:45 Migrating model 27/37: *models.CommentTranslationModel
2025/11/06 18:02:45 Migrating model 28/37: *models.SpecificationKeyModel
2025/11/06 18:02:45 Migrating model 29/37: *models.SpecificationModel
2025/11/06 18:02:45 Migrating model 30/37: *models.SpecificationTranslationModel
2025/11/06 18:02:45 Migrating model 31/37: *models.SpecificationKeyTranslationModel
2025/11/06 18:02:45 Migrating model 32/37: *models.ImageModel
2025/11/06 18:02:45 Migrating model 33/37: *models.TagModel
2025/11/06 18:02:45 Migrating model 34/37: *models.FeedbackModel
2025/11/06 18:02:45 Migrating model 35/37: *models.FeedbackTranslationModel
2025/11/06 18:02:45 Migrating model 36/37: *models.FormGeneratorModel
2025/11/06 18:02:45 Migrating model 37/37: *models.RefreshTokenModel
2025/11/06 18:02:45 All migrations completed successfully!
2025/11/06 18:02:45 Starting status fields migration...
2025/11/06 18:02:45 Status field for table products is already integer type (integer), skipping conversion
2025/11/06 18:02:45 Status field for table feedback is already integer type (integer), skipping conversion
2025/11/06 18:02:45 Adding new integer status field to table: categories

2025/11/06 18:02:45 [31;1mI:/GO/kossti/gocrit_server/internal/infrastructure/migrations/status_fields.go:85 [35;1mERROR: column "status" of relation "categories" already exists (SQLSTATE 42701)
[0m[33m[0.538ms] [34;1m[rows:0][0m ALTER TABLE categories ADD COLUMN status INTEGER DEFAULT 1
2025/11/06 18:02:45 Warning: Could not add status column to categories (might already exist): ERROR: column "status" of relation "categories" already exists (SQLSTATE 42701)
2025/11/06 18:02:45 Adding new integer status field to table: images

2025/11/06 18:02:45 [31;1mI:/GO/kossti/gocrit_server/internal/infrastructure/migrations/status_fields.go:85 [35;1mERROR: column "status" of relation "images" already exists (SQLSTATE 42701)
[0m[33m[0.000ms] [34;1m[rows:0][0m ALTER TABLE images ADD COLUMN status INTEGER DEFAULT 1
2025/11/06 18:02:45 Warning: Could not add status column to images (might already exist): ERROR: column "status" of relation "images" already exists (SQLSTATE 42701)
2025/11/06 18:02:45 Adding new integer status field to table: specifications

2025/11/06 18:02:45 [31;1mI:/GO/kossti/gocrit_server/internal/infrastructure/migrations/status_fields.go:85 [35;1mERROR: column "status" of relation "specifications" already exists (SQLSTATE 42701)
[0m[33m[0.531ms] [34;1m[rows:0][0m ALTER TABLE specifications ADD COLUMN status INTEGER DEFAULT 1
2025/11/06 18:02:45 Warning: Could not add status column to specifications (might already exist): ERROR: column "status" of relation "specifications" already exists (SQLSTATE 42701)
2025/11/06 18:02:45 Status fields migration completed!
2025/11/06 18:02:45 Adding foreign key constraints...
2025/11/06 18:02:45 Adding foreign key: *models.SessionModel.user_id -> users(id)
2025/11/06 18:02:45 Adding foreign key: *models.ProductReviewModel.user_id -> users(id)
2025/11/06 18:02:45 Adding foreign key: *models.BrandCategoryModel.brand_id -> brands(id)
2025/11/06 18:02:45 Adding foreign key: *models.BrandCategoryModel.category_id -> categories(id)
2025/11/06 18:02:45 Adding foreign key: *models.ModelHasPermissionModel.permission_id -> permissions(id)
2025/11/06 18:02:45 Adding foreign key: *models.ModelHasRoleModel.role_id -> roles(id)
2025/11/06 18:02:45 Adding foreign key: *models.RoleHasPermissionModel.permission_id -> permissions(id)
2025/11/06 18:02:45 Adding foreign key: *models.RoleHasPermissionModel.role_id -> roles(id)
2025/11/06 18:02:45 Adding foreign key: *models.ProductTranslationModel.product_id -> products(id)
2025/11/06 18:02:45 Adding foreign key: *models.CategoryTranslationModel.category_id -> categories(id)
2025/11/06 18:02:45 Adding foreign key: *models.BrandTranslationModel.brand_id -> brands(id)
2025/11/06 18:02:45 Adding foreign key: *models.ProductReviewTranslationModel.product_review_id -> product_reviews(id)
2025/11/06 18:02:45 Adding foreign key: *models.CommentTranslationModel.comment_id -> comments(id)
2025/11/06 18:02:45 Adding foreign key: *models.SpecificationModel.product_id -> products(id)
2025/11/06 18:02:45 Adding foreign key: *models.SpecificationModel.specification_key_id -> specification_keys(id)
2025/11/06 18:02:45 Adding foreign key: *models.SpecificationTranslationModel.specification_id -> specifications(id)
2025/11/06 18:02:45 Adding foreign key: *models.SpecificationKeyTranslationModel.specification_key_id -> specification_keys(id)
2025/11/06 18:02:45 Adding foreign key: *models.FormGeneratorModel.category_id -> categories(id)
2025/11/06 18:02:45 Foreign key constraints added!
2025/11/06 18:02:45 Creating additional indexes...
2025/11/06 18:02:45 Creating index: idx_users_email on *models.UserModel([email])
2025/11/06 18:02:45 Creating index: idx_products_slug on *models.ProductModel([slug])
2025/11/06 18:02:45 Creating index: idx_products_category_brand on *models.ProductModel([category_id brand_id])
2025/11/06 18:02:45 Creating index: idx_categories_slug on *models.CategoryModel([slug])
2025/11/06 18:02:45 Creating index: idx_brands_slug on *models.BrandModel([slug])
2025/11/06 18:02:45 Creating index: idx_permissions_name_guard on *models.PermissionModel([name guard_name])
2025/11/06 18:02:45 Creating index: idx_roles_name_guard on *models.RoleModel([name guard_name])
2025/11/06 18:02:45 Additional indexes created!
Seed data already exists, skipping seeder.
Database migration complete! Setting up HTTP routes...

API Endpoints:
POST http://localhost:8080/register
POST http://localhost:8080/login
POST http://localhost:8080/v1/refresh-token
POST http://localhost:8080/v1/registration
POST http://localhost:8080/v1/login
POST http://localhost:8080/v1/forgot-password
POST http://localhost:8080/v1/reset-password
POST http://localhost:8080/v1/logout
GET  http://localhost:8080/v1/check-token
GET  http://localhost:8080/v1/search_users
GET  http://localhost:8080/v1/profile
POST http://localhost:8080/v1/profile
GET  http://localhost:8080/v1/checkrole
GET  http://localhost:8080/api/users
GET  http://localhost:8080/api/users/all
GET  http://localhost:8080/api/users/search
GET  http://localhost:8080/api/users/count
GET  http://localhost:8080/api/users/{id}
GET  http://localhost:8080/api/products
POST http://localhost:8080/api/products
GET  http://localhost:8080/api/products/{id}
PATCH http://localhost:8080/api/products/{id}
GET  http://localhost:8080/api/products-by-slug/{slug}
GET  http://localhost:8080/api/popular-products
POST http://localhost:8080/api/products/{id}/increment-views
GET  http://localhost:8080/api/categories
POST http://localhost:8080/api/categories
GET  http://localhost:8080/api/categories/{id}
PUT  http://localhost:8080/api/categories/{id}
DELETE http://localhost:8080/api/categories/{id}
GET  http://localhost:8080/api/wide-categories
POST http://localhost:8080/api/category-translation
GET  http://localhost:8080/api/category-translation/{id}
POST http://localhost:8080/api/category-brands
GET  http://localhost:8080/api/category-brands
POST http://localhost:8080/api/category-status/{id}
GET  http://localhost:8080/api/brands
POST http://localhost:8080/api/brands
GET  http://localhost:8080/api/brands/{id}
PUT  http://localhost:8080/api/brands/{id}
DELETE http://localhost:8080/api/brands/{id}
GET  http://localhost:8080/api/specifications/{id}
PUT  http://localhost:8080/api/specifications/{id}
DELETE http://localhost:8080/api/specifications/{id}
GET  http://localhost:8080/api/specificationsearch
POST http://localhost:8080/api/spec_translation
GET  http://localhost:8080/api/spec_translation/{id}
GET  http://localhost:8080/api/get-public-spec/{id}
GET  http://localhost:8080/api/speckey
POST http://localhost:8080/api/speckey
GET  http://localhost:8080/api/speckey/{id}
POST http://localhost:8080/api/specremove/{id}
GET  http://localhost:8080/api/speckey-translation
POST http://localhost:8080/api/speckey-translation
POST http://localhost:8080/api/formgenerator
GET  http://localhost:8080/api/formgenerator/{id}
PUT  http://localhost:8080/api/formgenerator/{id}
GET  http://localhost:8080/api/catgory-specs/{categoryId}

📋 Feedback Endpoints:
GET  http://localhost:8080/api/feedbacks
POST http://localhost:8080/api/feedbacks
GET  http://localhost:8080/api/feedbacks/{id}
PUT  http://localhost:8080/api/feedbacks/{id}
DEL  http://localhost:8080/api/feedbacks/{id}
GET  http://localhost:8080/api/feedbacks/{id}/translations
GET  http://localhost:8080/health

🚀 Server is running on http://localhost:8080
Press Ctrl+C to stop the server
2025/11/06 18:02:54 [RemoveImage] Processing request for path: /imageremove/3, imageIDStr: 3
2025/11/06 18:02:54 [RemoveImage] Attempting to delete image ID: 3
2025/11/06 18:02:54 [RemoveImage] Found image: ID=3, Path=product-images/p-33/0aab63cc-d45b-493c-a02c-27ed03f83c50.jpg
2025/11/06 18:02:54 [info] Successfully deleted from S3: product-images/p-33/0aab63cc-d45b-493c-a02c-27ed03f83c50.jpg
2025/11/06 18:02:54 [RemoveImage] Calling imageRepo.Delete for ID: 3
